<!DOCTYPE html PUBLIC "-//W3C//DTD XHTML 1.1//EN" "http://www.w3.org/TR/xhtml11/DTD/xhtml11.dtd">
<html xmlns="http://www.w3.org/1999/xhtml"><head><title>TestNG Report</title><style type="text/css">table {margin-bottom:10px;border-collapse:collapse;empty-cells:show}th,td {border:1px solid #009;padding:.25em .5em}th {vertical-align:bottom}td {vertical-align:top}table a {font-weight:bold}.stripe td {background-color: #E6EBF9}.num {text-align:right}.passedodd td {background-color: #3F3}.passedeven td {background-color: #0A0}.skippedodd td {background-color: #DDD}.skippedeven td {background-color: #CCC}.failedodd td,.attn {background-color: #F33}.failedeven td,.stripe .attn {background-color: #D00}.stacktrace {white-space:pre;font-family:monospace}.totop {font-size:85%;text-align:center;border-bottom:2px solid #000}</style></head><body><table><tr><th>Test</th><th># Passed</th><th># Skipped</th><th># Failed</th><th>Time (ms)</th><th>Included Groups</th><th>Excluded Groups</th></tr><tr><th colspan="7">Test Suites</th></tr><tr><th colspan="7">Suite1</th></tr><tr><td><a href="#t0">Test A1</a></td><td class="num">0</td><td class="num attn">2</td><td class="num">0</td><td class="num">1,080</td><td></td><td></td></tr><tr class="stripe"><td><a href="#t1">Test A2</a></td><td class="num">3</td><td class="num attn">2</td><td class="num">0</td><td class="num">486</td><td></td><td></td></tr><tr><td><a href="#t2">Test A3</a></td><td class="num">0</td><td class="num attn">4</td><td class="num">0</td><td class="num">363</td><td></td><td></td></tr><tr><th colspan="7">Suite2</th></tr><tr class="stripe"><td><a href="#t3">Test B1</a></td><td class="num">2</td><td class="num">0</td><td class="num">0</td><td class="num">170</td><td></td><td></td></tr><tr><td><a href="#t4">Test B2</a></td><td class="num">3</td><td class="num attn">2</td><td class="num">0</td><td class="num">380</td><td></td><td></td></tr><tr class="stripe"><td><a href="#t5">Test B3</a></td><td class="num">0</td><td class="num attn">4</td><td class="num">0</td><td class="num">250</td><td></td><td></td></tr><tr><th>Total</th><th class="num">8</th><th class="num attn">14</th><th class="num">0</th><th class="num">2,729</th><th colspan="2"></th></tr></table><table><thead><tr><th>Class</th><th>Method</th><th>Start</th><th>Time (ms)</th></tr></thead><tbody><tr><th colspan="4">Test Suites</th></tr></tbody><tbody><tr><th colspan="4">Suite1</th></tr></tbody><tbody id="t0"><tr><th colspan="4">Test A1 &#8212; skipped</th></tr><tr class="skippedeven"><td rowspan="2">suite1.TestA1</td><td><a href="#m0">testA1</a></td><td rowspan="2">1445961086753</td><td rowspan="2">83</td></tr><tr class="skippedeven"><td><a href="#m1">testA1</a></td></tr></tbody><tbody id="t1"><tr><th colspan="4">Test A2 &#8212; skipped</th></tr><tr class="skippedeven"><td rowspan="2">suite1.TestA2</td><td><a href="#m2">testA2</a></td><td rowspan="2">1445961087199</td><td rowspan="2">68</td></tr><tr class="skippedeven"><td><a href="#m3">testA2</a></td></tr><tr><th colspan="4">Test A2 &#8212; passed</th></tr><tr class="passedeven"><td rowspan="3">suite1.TestA2</td><td><a href="#m4">testA2</a></td><td rowspan="3">1445961087043</td><td rowspan="3">80</td></tr><tr class="passedeven"><td><a href="#m5">testA2</a></td></tr><tr class="passedeven"><td><a href="#m6">testA2</a></td></tr></tbody><tbody id="t2"><tr><th colspan="4">Test A3 &#8212; skipped</th></tr><tr class="skippedeven"><td rowspan="4">suite1.TestA3</td><td><a href="#m7">testA3</a></td><td rowspan="4">1445961087592</td><td rowspan="4">75</td></tr><tr class="skippedeven"><td><a href="#m8">testA3</a></td></tr><tr class="skippedeven"><td><a href="#m9">testA3</a></td></tr><tr class="skippedeven"><td><a href="#m10">testA3</a></td></tr></tbody><tbody><tr><th colspan="4">Suite2</th></tr></tbody><tbody id="t3"><tr><th colspan="4">Test B1 &#8212; passed</th></tr><tr class="passedeven"><td rowspan="2">suite2.TestB1</td><td><a href="#m11">testB1</a></td><td rowspan="2">1445961087800</td><td rowspan="2">60</td></tr><tr class="passedeven"><td><a href="#m12">testB1</a></td></tr></tbody><tbody id="t4"><tr><th colspan="4">Test B2 &#8212; skipped</th></tr><tr class="skippedeven"><td rowspan="2">suite2.TestB2</td><td><a href="#m13">testB2</a></td><td rowspan="2">1445961088208</td><td rowspan="2">57</td></tr><tr class="skippedeven"><td><a href="#m14">testB2</a></td></tr><tr><th colspan="4">Test B2 &#8212; passed</th></tr><tr class="passedeven"><td rowspan="3">suite2.TestB2</td><td><a href="#m15">testB2</a></td><td rowspan="3">1445961088046</td><td rowspan="3">85</td></tr><tr class="passedeven"><td><a href="#m16">testB2</a></td></tr><tr class="passedeven"><td><a href="#m17">testB2</a></td></tr></tbody><tbody id="t5"><tr><th colspan="4">Test B3 &#8212; skipped</th></tr><tr class="skippedeven"><td rowspan="4">suite2.TestB3</td><td><a href="#m18">testB3</a></td><td rowspan="4">1445961088478</td><td rowspan="4">43</td></tr><tr class="skippedeven"><td><a href="#m19">testB3</a></td></tr><tr class="skippedeven"><td><a href="#m20">testB3</a></td></tr><tr class="skippedeven"><td><a href="#m21">testB3</a></td></tr></tbody></table><h2>Test A1</h2><h3 id="m0">suite1.TestA1#testA1</h3><table class="result"><tr class="param"><th>Parameter #1</th></tr><tr class="param stripe"><td>{RunMode=Y, TestData=Login2, Iteration=2.0, username=sdfsd, Browser=Firefox}</td></tr><tr><th>Exception</th></tr><tr><td><div class="stacktrace">org.testng.SkipException: Skipping the Test : TestA1 as the Runmode of Test Case TestA1 is No
	at Utility.CommonUtils.checkExecution(CommonUtils.java:85)
	at suite1.TestA1.testA1(TestA1.java:21)
... Removed 25 stack frames</div></td></tr></table><p class="totop"><a href="#summary">back to summary</a></p><h3 id="m1">suite1.TestA1#testA1</h3><table class="result"><tr class="param"><th>Parameter #1</th></tr><tr class="param stripe"><td>{RunMode=Y, TestData=Login1, Iteration=1.0, username=sdfdsf, Browser=Chrome}</td></tr><tr><th>Exception</th></tr><tr><td><div class="stacktrace">org.testng.SkipException: Skipping the Test : TestA1 as the Runmode of Test Case TestA1 is No
	at Utility.CommonUtils.checkExecution(CommonUtils.java:85)
	at suite1.TestA1.testA1(TestA1.java:21)
... Removed 25 stack frames</div></td></tr></table><p class="totop"><a href="#summary">back to summary</a></p><h2>Test A2</h2><h3 id="m2">suite1.TestA2#testA2</h3><table class="result"><tr class="param"><th>Parameter #1</th></tr><tr class="param stripe"><td>{RunMode=N, TestData=SignUp4, Iteration=4.0, Browser=Firefox}</td></tr><tr><th>Exception</th></tr><tr><td><div class="stacktrace">org.testng.SkipException: Skipping the Test : TestA2 as the Runmode of Test Data is No
	at Utility.CommonUtils.checkExecution(CommonUtils.java:90)
	at suite1.TestA2.testA2(TestA2.java:19)
... Removed 25 stack frames</div></td></tr></table><p class="totop"><a href="#summary">back to summary</a></p><h3 id="m3">suite1.TestA2#testA2</h3><table class="result"><tr class="param"><th>Parameter #1</th></tr><tr class="param stripe"><td>{RunMode=N, TestData=SignUp5, Iteration=5.0, Browser=Chrome}</td></tr><tr><th>Exception</th></tr><tr><td><div class="stacktrace">org.testng.SkipException: Skipping the Test : TestA2 as the Runmode of Test Data is No
	at Utility.CommonUtils.checkExecution(CommonUtils.java:90)
	at suite1.TestA2.testA2(TestA2.java:19)
... Removed 25 stack frames</div></td></tr></table><p class="totop"><a href="#summary">back to summary</a></p><h3 id="m4">suite1.TestA2#testA2</h3><table class="result"><tr class="param"><th>Parameter #1</th></tr><tr class="param stripe"><td>{RunMode=Y, TestData=SignUp2, Iteration=2.0, Browser=Firefox}</td></tr></table><p class="totop"><a href="#summary">back to summary</a></p><h3 id="m5">suite1.TestA2#testA2</h3><table class="result"><tr class="param"><th>Parameter #1</th></tr><tr class="param stripe"><td>{RunMode=Y, TestData=SignUp3, Iteration=3.0, Browser=Firefox}</td></tr></table><p class="totop"><a href="#summary">back to summary</a></p><h3 id="m6">suite1.TestA2#testA2</h3><table class="result"><tr class="param"><th>Parameter #1</th></tr><tr class="param stripe"><td>{RunMode=Y, TestData=SignUp1, Iteration=1.0, Browser=Firefox}</td></tr></table><p class="totop"><a href="#summary">back to summary</a></p><h2>Test A3</h2><h3 id="m7">suite1.TestA3#testA3</h3><table class="result"><tr class="param"><th>Parameter #1</th></tr><tr class="param stripe"><td>{RunMode=Y, TestData=UserReg3, Iteration=3.0, Browser=Firefox}</td></tr><tr><th>Exception</th></tr><tr><td><div class="stacktrace">org.testng.SkipException: Skipping the Test : TestA3 as the Runmode of Test Case TestA3 is No
	at Utility.CommonUtils.checkExecution(CommonUtils.java:85)
	at suite1.TestA3.testA3(TestA3.java:18)
... Removed 25 stack frames</div></td></tr></table><p class="totop"><a href="#summary">back to summary</a></p><h3 id="m8">suite1.TestA3#testA3</h3><table class="result"><tr class="param"><th>Parameter #1</th></tr><tr class="param stripe"><td>{RunMode=N, TestData=UserReg2, Iteration=2.0, Browser=Firefox}</td></tr><tr><th>Exception</th></tr><tr><td><div class="stacktrace">org.testng.SkipException: Skipping the Test : TestA3 as the Runmode of Test Case TestA3 is No
	at Utility.CommonUtils.checkExecution(CommonUtils.java:85)
	at suite1.TestA3.testA3(TestA3.java:18)
... Removed 25 stack frames</div></td></tr></table><p class="totop"><a href="#summary">back to summary</a></p><h3 id="m9">suite1.TestA3#testA3</h3><table class="result"><tr class="param"><th>Parameter #1</th></tr><tr class="param stripe"><td>{RunMode=Y, TestData=UserReg4, Iteration=4.0, Browser=Chrome}</td></tr><tr><th>Exception</th></tr><tr><td><div class="stacktrace">org.testng.SkipException: Skipping the Test : TestA3 as the Runmode of Test Case TestA3 is No
	at Utility.CommonUtils.checkExecution(CommonUtils.java:85)
	at suite1.TestA3.testA3(TestA3.java:18)
... Removed 25 stack frames</div></td></tr></table><p class="totop"><a href="#summary">back to summary</a></p><h3 id="m10">suite1.TestA3#testA3</h3><table class="result"><tr class="param"><th>Parameter #1</th></tr><tr class="param stripe"><td>{RunMode=N, TestData=UserReg1, Iteration=1.0, Browser=Firefox}</td></tr><tr><th>Exception</th></tr><tr><td><div class="stacktrace">org.testng.SkipException: Skipping the Test : TestA3 as the Runmode of Test Case TestA3 is No
	at Utility.CommonUtils.checkExecution(CommonUtils.java:85)
	at suite1.TestA3.testA3(TestA3.java:18)
... Removed 25 stack frames</div></td></tr></table><p class="totop"><a href="#summary">back to summary</a></p><h2>Test B1</h2><h3 id="m11">suite2.TestB1#testB1</h3><table class="result"><tr class="param"><th>Parameter #1</th></tr><tr class="param stripe"><td>{RunMode=Y, TestData=Login1, Iteration=1.0, username=sdfdsf, Browser=Chrome}</td></tr></table><p class="totop"><a href="#summary">back to summary</a></p><h3 id="m12">suite2.TestB1#testB1</h3><table class="result"><tr class="param"><th>Parameter #1</th></tr><tr class="param stripe"><td>{RunMode=Y, TestData=Login2, Iteration=2.0, username=sdfsd, Browser=Firefox}</td></tr></table><p class="totop"><a href="#summary">back to summary</a></p><h2>Test B2</h2><h3 id="m13">suite2.TestB2#testB2</h3><table class="result"><tr class="param"><th>Parameter #1</th></tr><tr class="param stripe"><td>{RunMode=N, TestData=SignUp4, Iteration=4.0, Browser=Firefox}</td></tr><tr><th>Exception</th></tr><tr><td><div class="stacktrace">org.testng.SkipException: Skipping the Test : TestB2 as the Runmode of Test Data is No
	at Utility.CommonUtils.checkExecution(CommonUtils.java:90)
	at suite2.TestB2.testB2(TestB2.java:19)
... Removed 25 stack frames</div></td></tr></table><p class="totop"><a href="#summary">back to summary</a></p><h3 id="m14">suite2.TestB2#testB2</h3><table class="result"><tr class="param"><th>Parameter #1</th></tr><tr class="param stripe"><td>{RunMode=N, TestData=SignUp5, Iteration=5.0, Browser=Chrome}</td></tr><tr><th>Exception</th></tr><tr><td><div class="stacktrace">org.testng.SkipException: Skipping the Test : TestB2 as the Runmode of Test Data is No
	at Utility.CommonUtils.checkExecution(CommonUtils.java:90)
	at suite2.TestB2.testB2(TestB2.java:19)
... Removed 25 stack frames</div></td></tr></table><p class="totop"><a href="#summary">back to summary</a></p><h3 id="m15">suite2.TestB2#testB2</h3><table class="result"><tr class="param"><th>Parameter #1</th></tr><tr class="param stripe"><td>{RunMode=Y, TestData=SignUp2, Iteration=2.0, Browser=Firefox}</td></tr></table><p class="totop"><a href="#summary">back to summary</a></p><h3 id="m16">suite2.TestB2#testB2</h3><table class="result"><tr class="param"><th>Parameter #1</th></tr><tr class="param stripe"><td>{RunMode=Y, TestData=SignUp1, Iteration=1.0, Browser=Firefox}</td></tr></table><p class="totop"><a href="#summary">back to summary</a></p><h3 id="m17">suite2.TestB2#testB2</h3><table class="result"><tr class="param"><th>Parameter #1</th></tr><tr class="param stripe"><td>{RunMode=Y, TestData=SignUp3, Iteration=3.0, Browser=Firefox}</td></tr></table><p class="totop"><a href="#summary">back to summary</a></p><h2>Test B3</h2><h3 id="m18">suite2.TestB3#testB3</h3><table class="result"><tr class="param"><th>Parameter #1</th></tr><tr class="param stripe"><td>{RunMode=Y, TestData=UserReg3, Iteration=3.0, Browser=Firefox}</td></tr><tr><th>Exception</th></tr><tr><td><div class="stacktrace">org.testng.SkipException: Skipping the Test : TestB3 as the Runmode of Test Case TestB3 is No
	at Utility.CommonUtils.checkExecution(CommonUtils.java:85)
	at suite2.TestB3.testB3(TestB3.java:20)
... Removed 25 stack frames</div></td></tr></table><p class="totop"><a href="#summary">back to summary</a></p><h3 id="m19">suite2.TestB3#testB3</h3><table class="result"><tr class="param"><th>Parameter #1</th></tr><tr class="param stripe"><td>{RunMode=Y, TestData=UserReg4, Iteration=4.0, Browser=Chrome}</td></tr><tr><th>Exception</th></tr><tr><td><div class="stacktrace">org.testng.SkipException: Skipping the Test : TestB3 as the Runmode of Test Case TestB3 is No
	at Utility.CommonUtils.checkExecution(CommonUtils.java:85)
	at suite2.TestB3.testB3(TestB3.java:20)
... Removed 25 stack frames</div></td></tr></table><p class="totop"><a href="#summary">back to summary</a></p><h3 id="m20">suite2.TestB3#testB3</h3><table class="result"><tr class="param"><th>Parameter #1</th></tr><tr class="param stripe"><td>{RunMode=N, TestData=UserReg2, Iteration=2.0, Browser=Firefox}</td></tr><tr><th>Exception</th></tr><tr><td><div class="stacktrace">org.testng.SkipException: Skipping the Test : TestB3 as the Runmode of Test Case TestB3 is No
	at Utility.CommonUtils.checkExecution(CommonUtils.java:85)
	at suite2.TestB3.testB3(TestB3.java:20)
... Removed 25 stack frames</div></td></tr></table><p class="totop"><a href="#summary">back to summary</a></p><h3 id="m21">suite2.TestB3#testB3</h3><table class="result"><tr class="param"><th>Parameter #1</th></tr><tr class="param stripe"><td>{RunMode=N, TestData=UserReg1, Iteration=1.0, Browser=Firefox}</td></tr><tr><th>Exception</th></tr><tr><td><div class="stacktrace">org.testng.SkipException: Skipping the Test : TestB3 as the Runmode of Test Case TestB3 is No
	at Utility.CommonUtils.checkExecution(CommonUtils.java:85)
	at suite2.TestB3.testB3(TestB3.java:20)
... Removed 25 stack frames</div></td></tr></table><p class="totop"><a href="#summary">back to summary</a></p></body></html>